<?xml version="1.0" encoding="UTF-8"?>
<testsuite xmlns:xsi="http://www.w3.org/2001/XMLSchema-instance" xsi:noNamespaceSchemaLocation="https://maven.apache.org/surefire/maven-surefire-plugin/xsd/surefire-test-report-3.0.xsd" version="3.0" name="AccountTest" time="0.081" tests="4" errors="0" skipped="0" failures="0">
  <properties>
[...]
</properties>
  <testcase name="Test_Deposit_NegativeAmount" classname="AccountTest" time="0.04"/>
  <testcase name="Test_Withdraw_ValidAmount" classname="AccountTest" time="0.002"/>
  <testcase name="Test_Deposit_ValidAmount" classname="AccountTest" time="0.001"/>
  <testcase name="Test_Withdraw_InsufficientFunds" classname="AccountTest" time="0.001"/>
</testsuite>